mode: count
parking-lot/pkg/stratergy/stratergy.go:16.95,20.25 3 3
parking-lot/pkg/stratergy/stratergy.go:20.25,21.17 1 9
parking-lot/pkg/stratergy/stratergy.go:21.17,22.12 1 3
parking-lot/pkg/stratergy/stratergy.go:24.3,24.32 1 6
parking-lot/pkg/stratergy/stratergy.go:24.32,27.4 2 3
parking-lot/pkg/stratergy/stratergy.go:30.2,30.22 1 3
parking-lot/pkg/stratergy/stratergy.go:30.22,32.3 1 1
parking-lot/pkg/stratergy/stratergy.go:34.2,35.16 2 2
parking-lot/pkg/stratergy/stratergy.go:35.16,37.3 1 0
parking-lot/pkg/stratergy/stratergy.go:39.2,39.23 1 2
parking-lot/pkg/stratergy/stratergy.go:44.97,45.25 1 2
parking-lot/pkg/stratergy/stratergy.go:45.25,46.18 1 4
parking-lot/pkg/stratergy/stratergy.go:46.18,48.18 2 1
parking-lot/pkg/stratergy/stratergy.go:48.18,50.5 1 0
parking-lot/pkg/stratergy/stratergy.go:51.4,51.17 1 1
parking-lot/pkg/stratergy/stratergy.go:55.2,55.67 1 1
parking-lot/pkg/stratergy/stratergy.go:61.99,64.25 3 4
parking-lot/pkg/stratergy/stratergy.go:64.25,66.21 2 9
parking-lot/pkg/stratergy/stratergy.go:66.21,69.4 2 3
parking-lot/pkg/stratergy/stratergy.go:72.2,72.38 1 4
parking-lot/pkg/stratergy/stratergy.go:72.38,74.3 1 2
parking-lot/pkg/stratergy/stratergy.go:76.2,77.16 2 2
parking-lot/pkg/stratergy/stratergy.go:77.16,79.3 1 0
parking-lot/pkg/stratergy/stratergy.go:80.2,80.23 1 2
